# JRE version: OpenJDK Runtime Environment (17.0.15+6) (build 17.0.15+6-Debian-1deb12u1)
# Java VM: OpenJDK 64-Bit Server VM (17.0.15+6-Debian-1deb12u1, mixed mode, sharing, tiered, compressed oops, compressed class ptrs, g1 gc, linux-amd64)
GC Precious Log:
 CPUs: 8 total, 8 available
 Memory: 14986M
 Large Page Support: Disabled
 NUMA Support: Disabled
 Compressed Oops: Enabled (32-bit)
 Heap Region Size: 1M
 Heap Min Capacity: 8M
 Heap Initial Capacity: 236M
 Heap Max Capacity: 1G
 Pre-touch: Disabled
 Parallel Workers: 8
 Concurrent Workers: 2
 Concurrent Refinement Workers: 8
 Periodic GC: Disabled
Heap:
 garbage-first heap   total 398336K, used 260852K [0x00000000c0000000, 0x0000000100000000)
  region size 1024K, 36 young (36864K), 8 survivors (8192K)
 Metaspace       used 153075K, committed 154240K, reserved 1245184K
  class space    used 20275K, committed 20864K, reserved 1048576K
GC Heap History (20 events):
Event: 34.949 GC heap before
{Heap before GC invocations=22 (full 0):
 garbage-first heap   total 191488K, used 158504K [0x00000000c0000000, 0x0000000100000000)
  region size 1024K, 46 young (47104K), 1 survivors (1024K)
 Metaspace       used 105898K, committed 106304K, reserved 1179648K
  class space    used 13711K, committed 13888K, reserved 1048576K
}
Event: 34.958 GC heap after
{Heap after GC invocations=23 (full 0):
 garbage-first heap   total 226304K, used 116124K [0x00000000c0000000, 0x0000000100000000)
  region size 1024K, 4 young (4096K), 4 survivors (4096K)
 Metaspace       used 105898K, committed 106304K, reserved 1179648K
  class space    used 13711K, committed 13888K, reserved 1048576K
}
Event: 65.855 GC heap before
{Heap before GC invocations=24 (full 0):
 garbage-first heap   total 226304K, used 184732K [0x00000000c0000000, 0x0000000100000000)
  region size 1024K, 72 young (73728K), 4 survivors (4096K)
 Metaspace       used 116181K, committed 116736K, reserved 1179648K
  class space    used 15108K, committed 15360K, reserved 1048576K
}
Event: 65.876 GC heap after
{Heap after GC invocations=25 (full 0):
 garbage-first heap   total 226304K, used 121077K [0x00000000c0000000, 0x0000000100000000)
  region size 1024K, 9 young (9216K), 9 survivors (9216K)
 Metaspace       used 116181K, committed 116736K, reserved 1179648K
  class space    used 15108K, committed 15360K, reserved 1048576K
}
Event: 68.505 GC heap before
{Heap before GC invocations=25 (full 0):
 garbage-first heap   total 226304K, used 184565K [0x00000000c0000000, 0x0000000100000000)
  region size 1024K, 71 young (72704K), 9 survivors (9216K)
 Metaspace       used 127620K, committed 128192K, reserved 1179648K
  class space    used 16694K, committed 16960K, reserved 1048576K
}
Event: 68.540 GC heap after
{Heap after GC invocations=26 (full 0):
 garbage-first heap   total 226304K, used 125203K [0x00000000c0000000, 0x0000000100000000)
  region size 1024K, 5 young (5120K), 5 survivors (5120K)
 Metaspace       used 127620K, committed 128192K, reserved 1179648K
  class space    used 16694K, committed 16960K, reserved 1048576K
}
Event: 68.978 GC heap before
{Heap before GC invocations=27 (full 0):
 garbage-first heap   total 226304K, used 134419K [0x00000000c0000000, 0x0000000100000000)
  region size 1024K, 15 young (15360K), 5 survivors (5120K)
 Metaspace       used 129685K, committed 130304K, reserved 1179648K
  class space    used 16960K, committed 17280K, reserved 1048576K
}
Event: 68.990 GC heap after
{Heap after GC invocations=28 (full 0):
 garbage-first heap   total 226304K, used 125314K [0x00000000c0000000, 0x0000000100000000)
  region size 1024K, 5 young (5120K), 5 survivors (5120K)
 Metaspace       used 129685K, committed 130304K, reserved 1179648K
  class space    used 16960K, committed 17280K, reserved 1048576K
}
Event: 69.324 GC heap before
{Heap before GC invocations=29 (full 0):
 garbage-first heap   total 226304K, used 136578K [0x00000000c0000000, 0x0000000100000000)
  region size 1024K, 12 young (12288K), 5 survivors (5120K)
 Metaspace       used 131023K, committed 131584K, reserved 1179648K
  class space    used 17197K, committed 17472K, reserved 1048576K
}
Event: 69.335 GC heap after
{Heap after GC invocations=30 (full 0):
 garbage-first heap   total 226304K, used 125462K [0x00000000c0000000, 0x0000000100000000)
  region size 1024K, 5 young (5120K), 5 survivors (5120K)
 Metaspace       used 131023K, committed 131584K, reserved 1179648K
  class space    used 17197K, committed 17472K, reserved 1048576K
}
Event: 71.134 GC heap before
{Heap before GC invocations=31 (full 0):
 garbage-first heap   total 226304K, used 166422K [0x00000000c0000000, 0x0000000100000000)
  region size 1024K, 41 young (41984K), 5 survivors (5120K)
 Metaspace       used 137539K, committed 138240K, reserved 1179648K
  class space    used 18243K, committed 18560K, reserved 1048576K
}
Event: 71.146 GC heap after
{Heap after GC invocations=32 (full 0):
 garbage-first heap   total 226304K, used 127763K [0x00000000c0000000, 0x0000000100000000)
  region size 1024K, 7 young (7168K), 7 survivors (7168K)
 Metaspace       used 137539K, committed 138240K, reserved 1179648K
  class space    used 18243K, committed 18560K, reserved 1048576K
}
Event: 71.670 GC heap before
{Heap before GC invocations=33 (full 0):
 garbage-first heap   total 229376K, used 156435K [0x00000000c0000000, 0x0000000100000000)
  region size 1024K, 32 young (32768K), 7 survivors (7168K)
 Metaspace       used 140017K, committed 141056K, reserved 1179648K
  class space    used 18741K, committed 19200K, reserved 1048576K
}
Event: 71.691 GC heap after
{Heap after GC invocations=34 (full 0):
 garbage-first heap   total 229376K, used 130504K [0x00000000c0000000, 0x0000000100000000)
  region size 1024K, 6 young (6144K), 6 survivors (6144K)
 Metaspace       used 140017K, committed 141056K, reserved 1179648K
  class space    used 18741K, committed 19200K, reserved 1048576K
}
Event: 71.998 GC heap before
{Heap before GC invocations=35 (full 0):
 garbage-first heap   total 295936K, used 174536K [0x00000000c0000000, 0x0000000100000000)
  region size 1024K, 7 young (7168K), 6 survivors (6144K)
 Metaspace       used 140023K, committed 141056K, reserved 1179648K
  class space    used 18741K, committed 19200K, reserved 1048576K
}
Event: 72.015 GC heap after
{Heap after GC invocations=36 (full 0):
 garbage-first heap   total 295936K, used 175075K [0x00000000c0000000, 0x0000000100000000)
  region size 1024K, 4 young (4096K), 4 survivors (4096K)
 Metaspace       used 140023K, committed 141056K, reserved 1179648K
  class space    used 18741K, committed 19200K, reserved 1048576K
}
Event: 72.734 GC heap before
{Heap before GC invocations=37 (full 0):
 garbage-first heap   total 327680K, used 204771K [0x00000000c0000000, 0x0000000100000000)
  region size 1024K, 13 young (13312K), 4 survivors (4096K)
 Metaspace       used 140494K, committed 141568K, reserved 1179648K
  class space    used 18832K, committed 19328K, reserved 1048576K
}
Event: 72.752 GC heap after
{Heap after GC invocations=38 (full 0):
 garbage-first heap   total 327680K, used 196833K [0x00000000c0000000, 0x0000000100000000)
  region size 1024K, 4 young (4096K), 4 survivors (4096K)
 Metaspace       used 140494K, committed 141568K, reserved 1179648K
  class space    used 18832K, committed 19328K, reserved 1048576K
}
Event: 75.259 GC heap before
{Heap before GC invocations=39 (full 0):
 garbage-first heap   total 398336K, used 282849K [0x00000000c0000000, 0x0000000100000000)
  region size 1024K, 58 young (59392K), 4 survivors (4096K)
 Metaspace       used 148753K, committed 149952K, reserved 1179648K
  class space    used 19841K, committed 20416K, reserved 1048576K
}
Event: 75.272 GC heap after
{Heap after GC invocations=40 (full 0):
 garbage-first heap   total 398336K, used 234228K [0x00000000c0000000, 0x0000000100000000)
  region size 1024K, 8 young (8192K), 8 survivors (8192K)
 Metaspace       used 148753K, committed 149952K, reserved 1179648K
  class space    used 19841K, committed 20416K, reserved 1048576K
}

